<?xml version="1.0" encoding="UTF-8"?>
<!-- Generated by org.testng.reporters.JUnitReportReporter -->
<testsuite skipped="0" hostname="Arunima-Gururani-L" name="org.example.tests.ErrorValidationTest" tests="2" failures="0" timestamp="01 Dec 2022 16:39:48 GMT" time="23.280" errors="0">
  <testcase name="productErrorValidation" time="16.540" classname="org.example.tests.ErrorValidationTest"/>
  <testcase name="loggingErrorValidation" time="6.740" classname="org.example.tests.ErrorValidationTest"/>
</testsuite> <!-- org.example.tests.ErrorValidationTest -->
