<?xml version="1.0" encoding="UTF-8"?>
<!-- Generated by org.testng.reporters.JUnitReportReporter -->
<testsuite skipped="0" hostname="Arunima-Gururani-L" name="org.example.tests.SubmitOrderTest" tests="3" failures="0" timestamp="01 Dec 2022 16:39:48 GMT" time="43.385" errors="0">
  <testcase name="submitOrder" time="20.139" classname="org.example.tests.SubmitOrderTest"/>
  <testcase name="submitOrder" time="18.395" classname="org.example.tests.SubmitOrderTest"/>
  <testcase name="checkOrders" time="4.851" classname="org.example.tests.SubmitOrderTest"/>
</testsuite> <!-- org.example.tests.SubmitOrderTest -->
